\BOOKMARK [1][-]{section.1}{Philosophy of Design}{}% 1
\BOOKMARK [1][-]{section.2}{Entities}{}% 2
\BOOKMARK [2][-]{subsection.2.1}{FORMAT}{section.2}% 3
\BOOKMARK [2][-]{subsection.2.2}{SET}{section.2}% 4
\BOOKMARK [2][-]{subsection.2.3}{CARD}{section.2}% 5
\BOOKMARK [2][-]{subsection.2.4}{COLOR}{section.2}% 6
\BOOKMARK [2][-]{subsection.2.5}{COLOR\137COST}{section.2}% 7
\BOOKMARK [2][-]{subsection.2.6}{COLOR\137IDENTITY}{section.2}% 8
\BOOKMARK [3][-]{subsubsection.2.6.1}{Type: Creature}{subsection.2.6}% 9
\BOOKMARK [3][-]{subsubsection.2.6.2}{Type: Planeswalker}{subsection.2.6}% 10
\BOOKMARK [3][-]{subsubsection.2.6.3}{Type: Land}{subsection.2.6}% 11
\BOOKMARK [1][-]{section.3}{Relationships}{}% 12
\BOOKMARK [2][-]{subsection.3.1}{CONTAINS}{section.3}% 13
\BOOKMARK [2][-]{subsection.3.2}{DOUBLE\137CARD}{section.3}% 14
\BOOKMARK [2][-]{subsection.3.3}{IS\137ALLOWED}{section.3}% 15
\BOOKMARK [2][-]{subsection.3.4}{LIMITATION}{section.3}% 16
\BOOKMARK [2][-]{subsection.3.5}{SUBTYPE}{section.3}% 17
\BOOKMARK [1][-]{section.4}{Lists of Type Instances}{}% 18
\BOOKMARK [2][-]{subsection.4.1}{Supertype}{section.4}% 19
\BOOKMARK [2][-]{subsection.4.2}{Artifact}{section.4}% 20
\BOOKMARK [2][-]{subsection.4.3}{Creature}{section.4}% 21
\BOOKMARK [2][-]{subsection.4.4}{Enchantment}{section.4}% 22
\BOOKMARK [2][-]{subsection.4.5}{Land}{section.4}% 23
\BOOKMARK [3][-]{subsubsection.4.5.1}{Basic}{subsection.4.5}% 24
\BOOKMARK [3][-]{subsubsection.4.5.2}{Non-Basic}{subsection.4.5}% 25
\BOOKMARK [2][-]{subsection.4.6}{Planeswalker}{section.4}% 26
\BOOKMARK [2][-]{subsection.4.7}{Instant}{section.4}% 27
\BOOKMARK [2][-]{subsection.4.8}{Sorcery}{section.4}% 28
